<?xml version="1.0" encoding="UTF-8"?>
<!-- Generated by org.testng.reporters.JUnitReportReporter -->
<testsuite skipped="0" hostname="Madishetty" name="com.learnautomation.testcases.UIGlue" tests="1" failures="0" timestamp="24 Jul 2020 09:31:54 GMT" time="24.102" errors="0">
  <testcase name="TestFlow" time="24.102" classname="com.learnautomation.testcases.UIGlue"/>
</testsuite> <!-- com.learnautomation.testcases.UIGlue -->
