<?xml version="1.0" encoding="UTF-8"?>
<!-- Generated by org.testng.reporters.JUnitReportReporter -->
<testsuite skipped="0" hostname="Madishetty" name="com.learnautomation.testcases.LoginTestApp" tests="1" failures="0" timestamp="10 Jul 2020 08:03:15 GMT" time="12.547" errors="0">
  <testcase name="loginApp" time="12.547" classname="com.learnautomation.testcases.LoginTestApp"/>
</testsuite> <!-- com.learnautomation.testcases.LoginTestApp -->
