<?xml version="1.0" encoding="UTF-8"?>
<!-- Generated by org.testng.reporters.JUnitReportReporter -->
<testsuite skipped="0" hostname="Madishetty" name="com.learnautomation.stepdefinition.UIGlue" tests="1" failures="0" timestamp="2020-07-27T22:08:27 GMT+08:00" time="42.190" errors="0">
  <testcase name="TestFlow" time="42.190" classname="com.learnautomation.stepdefinition.UIGlue"/>
  <system-out/>
</testsuite> <!-- com.learnautomation.stepdefinition.UIGlue -->
